

*******************************************************************************
Mon Jul 13 15:03:50 2015


FIT:    data read from "all.dat" u 1:2
        format = x:z
        #datapoints = 10
        residuals are weighted equally (unit weight)

function used for fitting: f(x)
fitted parameters initialized with current variable values



 Iteration 0
 WSSR        : 10427.7           delta(WSSR)/WSSR   : 0
 delta(WSSR) : 0                 limit for stopping : 1e-05
 lambda	  : 188.584

initial set of free parameter values

a               = 1

After 3 iterations the fit converged.
final sum of squares of residuals : 116.533
rel. change during last iteration : -7.29802e-07

degrees of freedom    (FIT_NDF)                        : 9
rms of residuals      (FIT_STDFIT) = sqrt(WSSR/ndf)    : 3.59835
variance of residuals (reduced chisquare) = WSSR/ndf   : 12.9481

Final set of parameters            Asymptotic Standard Error
=======================            ==========================

a               = 1.17027          +/- 0.006034     (0.5156%)


correlation matrix of the fit parameters:

               a      
a               1.000 


*******************************************************************************
Mon Jul 13 15:04:20 2015


FIT:    data read from "all.dat" u 1:2
        format = x:z
        #datapoints = 10
        residuals are weighted equally (unit weight)

function used for fitting: f(x)
fitted parameters initialized with current variable values



 Iteration 0
 WSSR        : 116.533           delta(WSSR)/WSSR   : 0
 delta(WSSR) : 0                 limit for stopping : 1e-05
 lambda	  : 188.584

initial set of free parameter values

a               = 1.17027

After 1 iterations the fit converged.
final sum of squares of residuals : 116.533
rel. change during last iteration : 0

degrees of freedom    (FIT_NDF)                        : 9
rms of residuals      (FIT_STDFIT) = sqrt(WSSR/ndf)    : 3.59835
variance of residuals (reduced chisquare) = WSSR/ndf   : 12.9481

Final set of parameters            Asymptotic Standard Error
=======================            ==========================

a               = 1.17027          +/- 0.006034     (0.5156%)


correlation matrix of the fit parameters:

               a      
a               1.000 


*******************************************************************************
Mon Jul 13 15:26:47 2015


FIT:    data read from "all.dat"
        format = z
        #datapoints = 10
        residuals are weighted equally (unit weight)

function used for fitting: f(x)
fitted parameters initialized with current variable values



 Iteration 0
 WSSR        : 5.4166e+06        delta(WSSR)/WSSR   : 0
 delta(WSSR) : 0                 limit for stopping : 1e-05
 lambda	  : 133.351

initial set of free parameter values

a               = 1
b               = 1

After 6 iterations the fit converged.
final sum of squares of residuals : 922.795
rel. change during last iteration : -1.29186e-12

degrees of freedom    (FIT_NDF)                        : 8
rms of residuals      (FIT_STDFIT) = sqrt(WSSR/ndf)    : 10.7401
variance of residuals (reduced chisquare) = WSSR/ndf   : 115.349

Final set of parameters            Asymptotic Standard Error
=======================            ==========================

a               = 4.96669          +/- 0.06208      (1.25%)
b               = -11.6986         +/- 11.71        (100.1%)


correlation matrix of the fit parameters:

               a      b      
a               1.000 
b              -0.957  1.000 


*******************************************************************************
Mon Jul 13 15:27:02 2015


FIT:    data read from "all.dat"
        format = z
        #datapoints = 10
        residuals are weighted equally (unit weight)

function used for fitting: f(x)
fitted parameters initialized with current variable values



 Iteration 0
 WSSR        : 2291.37           delta(WSSR)/WSSR   : 0
 delta(WSSR) : 0                 limit for stopping : 1e-05
 lambda	  : 188.584

initial set of free parameter values

a               = 4.96669

After 3 iterations the fit converged.
final sum of squares of residuals : 1037.98
rel. change during last iteration : -9.95959e-09

degrees of freedom    (FIT_NDF)                        : 9
rms of residuals      (FIT_STDFIT) = sqrt(WSSR/ndf)    : 10.7393
variance of residuals (reduced chisquare) = WSSR/ndf   : 115.332

Final set of parameters            Asymptotic Standard Error
=======================            ==========================

a               = 4.90732          +/- 0.01801      (0.367%)


correlation matrix of the fit parameters:

               a      
a               1.000 


*******************************************************************************
Tue Jul 14 13:00:49 2015


FIT:    data read from "L0.0.dat"
        format = z
	y range restricted to [2.00000 : 110000.]
        #datapoints = 4
        residuals are weighted equally (unit weight)

function used for fitting: f0(x)
fitted parameters initialized with current variable values



 Iteration 0
 WSSR        : 0.000448629       delta(WSSR)/WSSR   : 0
 delta(WSSR) : 0                 limit for stopping : 1e-05
 lambda	  : 0.0263312

initial set of free parameter values

a0              = 1

After 5 iterations the fit converged.
final sum of squares of residuals : 2.83392e-08
rel. change during last iteration : -1.37627e-09

degrees of freedom    (FIT_NDF)                        : 3
rms of residuals      (FIT_STDFIT) = sqrt(WSSR/ndf)    : 9.71925e-05
variance of residuals (reduced chisquare) = WSSR/ndf   : 9.44639e-09

Final set of parameters            Asymptotic Standard Error
=======================            ==========================

a0              = 1.56619          +/- 0.003617     (0.231%)


correlation matrix of the fit parameters:

               a0     
a0              1.000 


*******************************************************************************
Tue Jul 14 13:01:59 2015


FIT:    data read from "L0.2.dat"
        format = z
	y range restricted to [2.00000 : 1.00000e+06]
        #datapoints = 4
        residuals are weighted equally (unit weight)

function used for fitting: f1(x)
fitted parameters initialized with current variable values



 Iteration 0
 WSSR        : 0.000129281       delta(WSSR)/WSSR   : 0
 delta(WSSR) : 0                 limit for stopping : 1e-05
 lambda	  : 0.0263312

initial set of free parameter values

a1              = 1

After 4 iterations the fit converged.
final sum of squares of residuals : 1.12572e-08
rel. change during last iteration : -9.87571e-06

degrees of freedom    (FIT_NDF)                        : 3
rms of residuals      (FIT_STDFIT) = sqrt(WSSR/ndf)    : 6.12567e-05
variance of residuals (reduced chisquare) = WSSR/ndf   : 3.75239e-09

Final set of parameters            Asymptotic Standard Error
=======================            ==========================

a1              = 1.25644          +/- 0.001638     (0.1304%)


correlation matrix of the fit parameters:

               a1     
a1              1.000 


*******************************************************************************
Tue Jul 14 13:02:27 2015


FIT:    data read from "L0.4.dat"
        format = z
	y range restricted to [2.00000 : 1.00000e+06]
        #datapoints = 4
        residuals are weighted equally (unit weight)

function used for fitting: f2(x)
fitted parameters initialized with current variable values



 Iteration 0
 WSSR        : 1.20325e-05       delta(WSSR)/WSSR   : 0
 delta(WSSR) : 0                 limit for stopping : 1e-05
 lambda	  : 0.0263312

initial set of free parameter values

a2              = 1

After 4 iterations the fit converged.
final sum of squares of residuals : 5.98852e-09
rel. change during last iteration : -1.1279e-09

degrees of freedom    (FIT_NDF)                        : 3
rms of residuals      (FIT_STDFIT) = sqrt(WSSR/ndf)    : 4.46785e-05
variance of residuals (reduced chisquare) = WSSR/ndf   : 1.99617e-09

Final set of parameters            Asymptotic Standard Error
=======================            ==========================

a2              = 0.937308         +/- 0.0007699    (0.08214%)


correlation matrix of the fit parameters:

               a2     
a2              1.000 


*******************************************************************************
Tue Jul 14 13:03:01 2015


FIT:    data read from "L0.6.dat"
        format = z
	y range restricted to [2.00000 : 1.00000e+06]
        #datapoints = 4
        residuals are weighted equally (unit weight)

function used for fitting: f3(x)
fitted parameters initialized with current variable values



 Iteration 0
 WSSR        : 0.000789409       delta(WSSR)/WSSR   : 0
 delta(WSSR) : 0                 limit for stopping : 1e-05
 lambda	  : 0.0263312

initial set of free parameter values

a3              = 1

After 5 iterations the fit converged.
final sum of squares of residuals : 1.73098e-08
rel. change during last iteration : -2.88488e-11

degrees of freedom    (FIT_NDF)                        : 3
rms of residuals      (FIT_STDFIT) = sqrt(WSSR/ndf)    : 7.59602e-05
variance of residuals (reduced chisquare) = WSSR/ndf   : 5.76995e-09

Final set of parameters            Asymptotic Standard Error
=======================            ==========================

a3              = 0.623377         +/- 0.0007099    (0.1139%)


correlation matrix of the fit parameters:

               a3     
a3              1.000 


*******************************************************************************
Tue Jul 14 13:03:26 2015


FIT:    data read from "L0.8.dat"
        format = z
	y range restricted to [2.00000 : 1.00000e+06]
        #datapoints = 4
        residuals are weighted equally (unit weight)

function used for fitting: f4(x)
fitted parameters initialized with current variable values



 Iteration 0
 WSSR        : 0.00711391        delta(WSSR)/WSSR   : 0
 delta(WSSR) : 0                 limit for stopping : 1e-05
 lambda	  : 0.0263312

initial set of free parameter values

a4              = 1

After 12 iterations the fit converged.
final sum of squares of residuals : 2.68243e-07
rel. change during last iteration : -2.91402e-07

degrees of freedom    (FIT_NDF)                        : 3
rms of residuals      (FIT_STDFIT) = sqrt(WSSR/ndf)    : 0.000299022
variance of residuals (reduced chisquare) = WSSR/ndf   : 8.94142e-08

Final set of parameters            Asymptotic Standard Error
=======================            ==========================

a4              = 0.308579         +/- 0.0009733    (0.3154%)


correlation matrix of the fit parameters:

               a4     
a4              1.000 


*******************************************************************************
Tue Jul 14 13:08:34 2015


FIT:    data read from "scaler_frp.dat"
        format = z
        #datapoints = 5
        residuals are weighted equally (unit weight)

function used for fitting: f(x)
fitted parameters initialized with current variable values



 Iteration 0
 WSSR        : 2.32058           delta(WSSR)/WSSR   : 0
 delta(WSSR) : 0                 limit for stopping : 1e-05
 lambda	  : 0.848528

initial set of free parameter values

a               = 1
b               = 1

After 4 iterations the fit converged.
final sum of squares of residuals : 1.50544e-05
rel. change during last iteration : -3.74377e-07

degrees of freedom    (FIT_NDF)                        : 3
rms of residuals      (FIT_STDFIT) = sqrt(WSSR/ndf)    : 0.00224012
variance of residuals (reduced chisquare) = WSSR/ndf   : 5.01812e-06

Final set of parameters            Asymptotic Standard Error
=======================            ==========================

a               = -0.0061067       +/- 0.002349     (38.47%)
b               = 1.57414          +/- 0.003542     (0.225%)


correlation matrix of the fit parameters:

               a      b      
a               1.000 
b              -0.905  1.000 


*******************************************************************************
Tue Jul 14 13:51:36 2015


FIT:    data read from "all2.dat"
        format = z
	y range restricted to [2.00000 : 1.00000e+06]
        #datapoints = 20
        residuals are weighted equally (unit weight)

function used for fitting: f(x)
fitted parameters initialized with current variable values



 Iteration 0
 WSSR        : 0.0816155         delta(WSSR)/WSSR   : 0
 delta(WSSR) : 0                 limit for stopping : 1e-05
 lambda	  : 0

initial set of free parameter values

a               = -0.0061067
BREAK:          Singular matrix in Givens()



*******************************************************************************
Tue Jul 14 13:51:52 2015


FIT:    data read from "all2.dat"
        format = z
	y range restricted to [2.00000 : 1.00000e+06]
        #datapoints = 20
        residuals are weighted equally (unit weight)

function used for fitting: f(x)
fitted parameters initialized with current variable values



 Iteration 0
 WSSR        : 0.0816155         delta(WSSR)/WSSR   : 0
 delta(WSSR) : 0                 limit for stopping : 1e-05
 lambda	  : 0

initial set of free parameter values

a               = -0.00611281
BREAK:          Singular matrix in Givens()



*******************************************************************************
Tue Jul 14 13:53:43 2015


FIT:    data read from "all2.dat" u 1:2
        format = x:z
	y range restricted to [2.00000 : 1.00000e+06]
        #datapoints = 20
        residuals are weighted equally (unit weight)

function used for fitting: f(x)
fitted parameters initialized with current variable values



 Iteration 0
 WSSR        : 0.0816155         delta(WSSR)/WSSR   : 0
 delta(WSSR) : 0                 limit for stopping : 1e-05
 lambda	  : 0

initial set of free parameter values

a               = -0.00611892
BREAK:          Singular matrix in Givens()



*******************************************************************************
Tue Jul 14 13:58:09 2015


FIT:    data read from "all2.dat" u 1:2
        format = x:z
	y range restricted to [2.00000 : 1.00000e+06]
        #datapoints = 4
        residuals are weighted equally (unit weight)

function used for fitting: f(x)
fitted parameters initialized with current variable values



 Iteration 0
 WSSR        : 0.00709367        delta(WSSR)/WSSR   : 0
 delta(WSSR) : 0                 limit for stopping : 1e-05
 lambda	  : 0

initial set of free parameter values

a               = -0.00612504
BREAK:          Singular matrix in Givens()



*******************************************************************************
Tue Jul 14 13:58:15 2015


FIT:    data read from "all2.dat" u 1:2
        format = x:z
	y range restricted to [2.00000 : 1.00000e+06]
        #datapoints = 4
        residuals are weighted equally (unit weight)

function used for fitting: f(x)
fitted parameters initialized with current variable values



 Iteration 0
 WSSR        : 0.000448629       delta(WSSR)/WSSR   : 0
 delta(WSSR) : 0                 limit for stopping : 1e-05
 lambda	  : 0.0263312

initial set of free parameter values

a               = 1

After 5 iterations the fit converged.
final sum of squares of residuals : 2.83392e-08
rel. change during last iteration : -1.37627e-09

degrees of freedom    (FIT_NDF)                        : 3
rms of residuals      (FIT_STDFIT) = sqrt(WSSR/ndf)    : 9.71925e-05
variance of residuals (reduced chisquare) = WSSR/ndf   : 9.44639e-09

Final set of parameters            Asymptotic Standard Error
=======================            ==========================

a               = 1.56619          +/- 0.003617     (0.231%)


correlation matrix of the fit parameters:

               a      
a               1.000 


*******************************************************************************
Tue Jul 14 13:58:23 2015


FIT:    data read from "all2.dat" u 1:2
        format = x:z
	y range restricted to [2.00000 : 1.00000e+06]
        #datapoints = 20
        residuals are weighted equally (unit weight)

function used for fitting: f(x)
fitted parameters initialized with current variable values



 Iteration 0
 WSSR        : 2.48287e-06       delta(WSSR)/WSSR   : 0
 delta(WSSR) : 0                 limit for stopping : 1e-05
 lambda	  : 0.0202997

initial set of free parameter values

a               = 1.56619

After 3 iterations the fit converged.
final sum of squares of residuals : 1.26846e-06
rel. change during last iteration : -4.16958e-10

degrees of freedom    (FIT_NDF)                        : 19
rms of residuals      (FIT_STDFIT) = sqrt(WSSR/ndf)    : 0.000258382
variance of residuals (reduced chisquare) = WSSR/ndf   : 6.67613e-08

Final set of parameters            Asymptotic Standard Error
=======================            ==========================

a               = 1.55413          +/- 0.002813     (0.181%)


correlation matrix of the fit parameters:

               a      
a               1.000 
