

*******************************************************************************
Thu Jun 18 14:53:32 2015


FIT:    data read from "10000.dat" u 4:5
        format = x:z
        #datapoints = 5
        residuals are weighted equally (unit weight)

function used for fitting: f(x)
fitted parameters initialized with current variable values



 Iteration 0
 WSSR        : 1.57735e+14       delta(WSSR)/WSSR   : 0
 delta(WSSR) : 0                 limit for stopping : 1e-05
 lambda	  : 6.88694e+07

initial set of free parameter values

a               = 1
b               = 1

After 5177 iterations the fit converged.
final sum of squares of residuals : 1.98651e+09
rel. change during last iteration : -1.69608e-06

degrees of freedom    (FIT_NDF)                        : 3
rms of residuals      (FIT_STDFIT) = sqrt(WSSR/ndf)    : 25732.6
variance of residuals (reduced chisquare) = WSSR/ndf   : 6.62169e+08

Final set of parameters            Asymptotic Standard Error
=======================            ==========================

a               = 9.99957e-15      +/- 2.387e-14    (238.8%)
b               = 2.89379          +/- 0.1476       (5.101%)


correlation matrix of the fit parameters:

               a      b      
a               1.000 
b              -1.000  1.000 


*******************************************************************************
Thu Jun 18 14:58:13 2015


FIT:    data read from "10000.dat" u 4:5
        format = x:z
        #datapoints = 5
        residuals are weighted equally (unit weight)

function used for fitting: f(x)
fitted parameters initialized with current variable values



 Iteration 0
 WSSR        : 1.14867e+11       delta(WSSR)/WSSR   : 0
 delta(WSSR) : 0                 limit for stopping : 1e-05
 lambda	  : 5.03615e+21

initial set of free parameter values

a               = 1e-16
b               = 3.2

After 1 iterations the fit converged.
final sum of squares of residuals : 4.56307e+09
rel. change during last iteration : -24.1732

degrees of freedom    (FIT_NDF)                        : 3
rms of residuals      (FIT_STDFIT) = sqrt(WSSR/ndf)    : 39000.3
variance of residuals (reduced chisquare) = WSSR/ndf   : 1.52102e+09

Final set of parameters            Asymptotic Standard Error
=======================            ==========================

a               = 8.09627e-17      +/- 3.081e-16    (380.5%)
b               = 3.2              +/- 0.2345       (7.329%)


correlation matrix of the fit parameters:

               a      b      
a               1.000 
b              -1.000  1.000 


*******************************************************************************
Thu Jun 18 17:52:58 2015


FIT:    data read from "1000.dat" u 4:5
        format = x:z
        #datapoints = 5
        residuals are weighted equally (unit weight)

function used for fitting: g(x)
fitted parameters initialized with current variable values



 Iteration 0
 WSSR        : 3.15131e+08       delta(WSSR)/WSSR   : 0
 delta(WSSR) : 0                 limit for stopping : 1e-05
 lambda	  : 9596.21

initial set of free parameter values

a               = 1

After 4 iterations the fit converged.
final sum of squares of residuals : 327285
rel. change during last iteration : -4.57075e-14

degrees of freedom    (FIT_NDF)                        : 4
rms of residuals      (FIT_STDFIT) = sqrt(WSSR/ndf)    : 286.044
variance of residuals (reduced chisquare) = WSSR/ndf   : 81821.2

Final set of parameters            Asymptotic Standard Error
=======================            ==========================

a               = 1.82687          +/- 0.01333      (0.7297%)


correlation matrix of the fit parameters:

               a      
a               1.000 


*******************************************************************************
Thu Jun 18 17:53:45 2015


FIT:    data read from "1000.dat" u 5:4
        format = x:z
        #datapoints = 5
        residuals are weighted equally (unit weight)

function used for fitting: g(x)
fitted parameters initialized with current variable values



 Iteration 0
 WSSR        : 2.45023e+27       delta(WSSR)/WSSR   : 0
 delta(WSSR) : 0                 limit for stopping : 1e-05
 lambda	  : 1.21175e+13

initial set of free parameter values

a               = 1.82687

After 5 iterations the fit converged.
final sum of squares of residuals : 832.217
rel. change during last iteration : -5.21307e-06

degrees of freedom    (FIT_NDF)                        : 4
rms of residuals      (FIT_STDFIT) = sqrt(WSSR/ndf)    : 14.4241
variance of residuals (reduced chisquare) = WSSR/ndf   : 208.054

Final set of parameters            Asymptotic Standard Error
=======================            ==========================

a               = 1.21857e-12      +/- 5.323e-13    (43.69%)


correlation matrix of the fit parameters:

               a      
a               1.000 


*******************************************************************************
Thu Jun 18 17:54:08 2015


FIT:    data read from "1000.dat" u 5:4
        format = x:z
        #datapoints = 5
        residuals are weighted equally (unit weight)

function used for fitting: g(x)
fitted parameters initialized with current variable values



 Iteration 0
 WSSR        : 1922.39           delta(WSSR)/WSSR   : 0
 delta(WSSR) : 0                 limit for stopping : 1e-05
 lambda	  : 2.39014e-11

initial set of free parameter values

a               = 1.21857e-12

After 3 iterations the fit converged.
final sum of squares of residuals : 1764.64
rel. change during last iteration : -9.893e-09

degrees of freedom    (FIT_NDF)                        : 4
rms of residuals      (FIT_STDFIT) = sqrt(WSSR/ndf)    : 21.0038
variance of residuals (reduced chisquare) = WSSR/ndf   : 441.161

Final set of parameters            Asymptotic Standard Error
=======================            ==========================

a               = 2.35002e+11      +/- 3.93e+11     (167.2%)


correlation matrix of the fit parameters:

               a      
a               1.000 


*******************************************************************************
Thu Jun 18 17:54:35 2015


FIT:    data read from "1000.dat" u 5:4
        format = x:z
        #datapoints = 5
        residuals are weighted equally (unit weight)

function used for fitting: g(x)
fitted parameters initialized with current variable values



 Iteration 0
 WSSR        : 4.05451e+49       delta(WSSR)/WSSR   : 0
 delta(WSSR) : 0                 limit for stopping : 1e-05
 lambda	  : 1.21175e+13

initial set of free parameter values

a               = 2.35002e+11

After 7 iterations the fit converged.
final sum of squares of residuals : 832.217
rel. change during last iteration : 0

degrees of freedom    (FIT_NDF)                        : 4
rms of residuals      (FIT_STDFIT) = sqrt(WSSR/ndf)    : 14.4241
variance of residuals (reduced chisquare) = WSSR/ndf   : 208.054

Final set of parameters            Asymptotic Standard Error
=======================            ==========================

a               = 1.21857e-12      +/- 5.323e-13    (43.69%)


correlation matrix of the fit parameters:

               a      
a               1.000 


*******************************************************************************
Thu Jun 18 17:55:44 2015


FIT:    data read from "1000.dat" u 4:5
        format = x:z
        #datapoints = 5
        residuals are weighted equally (unit weight)

function used for fitting: g(x)
fitted parameters initialized with current variable values



 Iteration 0
 WSSR        : 1.53701e+09       delta(WSSR)/WSSR   : 0
 delta(WSSR) : 0                 limit for stopping : 1e-05
 lambda	  : 9596.21

initial set of free parameter values

a               = 1.21857e-12

After 4 iterations the fit converged.
final sum of squares of residuals : 327285
rel. change during last iteration : -2.07196e-13

degrees of freedom    (FIT_NDF)                        : 4
rms of residuals      (FIT_STDFIT) = sqrt(WSSR/ndf)    : 286.044
variance of residuals (reduced chisquare) = WSSR/ndf   : 81821.2

Final set of parameters            Asymptotic Standard Error
=======================            ==========================

a               = 1.82687          +/- 0.01333      (0.7297%)


correlation matrix of the fit parameters:

               a      
a               1.000 


*******************************************************************************
Thu Jun 18 19:47:34 2015


FIT:    data read from "1000.dat" u 4:5
        format = x:z
        #datapoints = 5
        residuals are weighted equally (unit weight)

function used for fitting: g(x)
fitted parameters initialized with current variable values



 Iteration 0
 WSSR        : 413455            delta(WSSR)/WSSR   : 0
 delta(WSSR) : 0                 limit for stopping : 1e-05
 lambda	  : 9644.8

initial set of free parameter values

a               = 1.82687

After 3 iterations the fit converged.
final sum of squares of residuals : 370684
rel. change during last iteration : -1.27693e-08

degrees of freedom    (FIT_NDF)                        : 4
rms of residuals      (FIT_STDFIT) = sqrt(WSSR/ndf)    : 304.419
variance of residuals (reduced chisquare) = WSSR/ndf   : 92671.1

Final set of parameters            Asymptotic Standard Error
=======================            ==========================

a               = 1.83646          +/- 0.01412      (0.7686%)


correlation matrix of the fit parameters:

               a      
a               1.000 


*******************************************************************************
Thu Jun 18 22:59:04 2015


FIT:    data read from "100.dat" u 3:5
        format = x:z
        #datapoints = 5
        residuals are weighted equally (unit weight)

function used for fitting: f(x)
fitted parameters initialized with current variable values



 Iteration 0
 WSSR        : 1.5751e+06        delta(WSSR)/WSSR   : 0
 delta(WSSR) : 0                 limit for stopping : 1e-05
 lambda	  : 1.13288

initial set of free parameter values

a               = 1

After 3 iterations the fit converged.
final sum of squares of residuals : 414394
rel. change during last iteration : -3.09979e-07

degrees of freedom    (FIT_NDF)                        : 4
rms of residuals      (FIT_STDFIT) = sqrt(WSSR/ndf)    : 321.867
variance of residuals (reduced chisquare) = WSSR/ndf   : 103598

Final set of parameters            Asymptotic Standard Error
=======================            ==========================

a               = 426.296          +/- 127.1        (29.81%)


correlation matrix of the fit parameters:

               a      
a               1.000 


*******************************************************************************
Thu Jun 18 23:00:06 2015


FIT:    data read from "100.dat" u 3:5
        format = x:z
        #datapoints = 5
        residuals are weighted equally (unit weight)

function used for fitting: f(x)
fitted parameters initialized with current variable values



 Iteration 0
 WSSR        : 439782            delta(WSSR)/WSSR   : 0
 delta(WSSR) : 0                 limit for stopping : 1e-05
 lambda	  : 20.6958

initial set of free parameter values

a               = 426.296
b               = 1

After 58 iterations the fit converged.
final sum of squares of residuals : 3680.14
rel. change during last iteration : -1.54365e-06

degrees of freedom    (FIT_NDF)                        : 3
rms of residuals      (FIT_STDFIT) = sqrt(WSSR/ndf)    : 35.0245
variance of residuals (reduced chisquare) = WSSR/ndf   : 1226.71

Final set of parameters            Asymptotic Standard Error
=======================            ==========================

a               = 26.5254          +/- 6.204        (23.39%)
b               = 43.1364          +/- 3.017        (6.994%)


correlation matrix of the fit parameters:

               a      b      
a               1.000 
b              -0.993  1.000 


*******************************************************************************
Fri Jul  3 02:24:23 2015


FIT:    data read from "1000.dat" u 4:5
        format = x:z
        #datapoints = 5
        residuals are weighted equally (unit weight)

function used for fitting: f(x)
fitted parameters initialized with current variable values



 Iteration 0
 WSSR        : 2.60003e+09       delta(WSSR)/WSSR   : 0
 delta(WSSR) : 0                 limit for stopping : 1e-05
 lambda	  : 104.073

initial set of free parameter values

a               = 1
b               = 1

After 356 iterations the fit converged.
final sum of squares of residuals : 49444.4
rel. change during last iteration : -5.10864e-10

degrees of freedom    (FIT_NDF)                        : 3
rms of residuals      (FIT_STDFIT) = sqrt(WSSR/ndf)    : 128.38
variance of residuals (reduced chisquare) = WSSR/ndf   : 16481.5

Final set of parameters            Asymptotic Standard Error
=======================            ==========================

a               = 813694           +/- 3.192e+04    (3.923%)
b               = -1.02693         +/- 0.01147      (1.117%)


correlation matrix of the fit parameters:

               a      b      
a               1.000 
b              -0.998  1.000 


*******************************************************************************
Fri Jul  3 02:24:58 2015


FIT:    data read from "100.dat" u 4:5
        format = x:z
        #datapoints = 5
        residuals are weighted equally (unit weight)

function used for fitting: f0(x)
fitted parameters initialized with current variable values



 Iteration 0
 WSSR        : 2.51298e+06       delta(WSSR)/WSSR   : 0
 delta(WSSR) : 0                 limit for stopping : 1e-05
 lambda	  : 22.7142

initial set of free parameter values

a0              = 1
b0              = 1

After 189 iterations the fit converged.
final sum of squares of residuals : 149.846
rel. change during last iteration : -1.59917e-09

degrees of freedom    (FIT_NDF)                        : 3
rms of residuals      (FIT_STDFIT) = sqrt(WSSR/ndf)    : 7.06743
variance of residuals (reduced chisquare) = WSSR/ndf   : 49.9486

Final set of parameters            Asymptotic Standard Error
=======================            ==========================

a0              = 9557.88          +/- 459.8        (4.811%)
b0              = -1.11816         +/- 0.02127      (1.902%)


correlation matrix of the fit parameters:

               a0     b0     
a0              1.000 
b0             -0.996  1.000 


*******************************************************************************
Fri Jul  3 15:28:49 2015


FIT:    data read from "100.dat" u 4:2
        format = x:z
        #datapoints = 10
        residuals are weighted equally (unit weight)

function used for fitting: f0(x)


*******************************************************************************
Fri Jul  3 15:28:55 2015


FIT:    data read from "100.dat" u 4:2
        format = x:z
        #datapoints = 10
        residuals are weighted equally (unit weight)

function used for fitting: f0(x)
fitted parameters initialized with current variable values



 Iteration 0
 WSSR        : 6240.96           delta(WSSR)/WSSR   : 0
 delta(WSSR) : 0                 limit for stopping : 1e-05
 lambda	  : 0.0942966

initial set of free parameter values

a0              = 1

After 3 iterations the fit converged.
final sum of squares of residuals : 21.5154
rel. change during last iteration : -2.38423e-06

degrees of freedom    (FIT_NDF)                        : 9
rms of residuals      (FIT_STDFIT) = sqrt(WSSR/ndf)    : 1.54616
variance of residuals (reduced chisquare) = WSSR/ndf   : 2.3906

Final set of parameters            Asymptotic Standard Error
=======================            ==========================

a0              = 265.472          +/- 5.185        (1.953%)


correlation matrix of the fit parameters:

               a0     
a0              1.000 


*******************************************************************************
Fri Jul  3 15:29:34 2015


FIT:    data read from "1000.dat" u 4:2
        format = x:z
        #datapoints = 10
        residuals are weighted equally (unit weight)

function used for fitting: f0(x)
fitted parameters initialized with current variable values



 Iteration 0
 WSSR        : 63177.7           delta(WSSR)/WSSR   : 0
 delta(WSSR) : 0                 limit for stopping : 1e-05
 lambda	  : 0.0294696

initial set of free parameter values

a0              = 265.472

After 4 iterations the fit converged.
final sum of squares of residuals : 21.6795
rel. change during last iteration : -6.55496e-16

degrees of freedom    (FIT_NDF)                        : 9
rms of residuals      (FIT_STDFIT) = sqrt(WSSR/ndf)    : 1.55204
variance of residuals (reduced chisquare) = WSSR/ndf   : 2.40884

Final set of parameters            Asymptotic Standard Error
=======================            ==========================

a0              = 2962.18          +/- 16.65        (0.5622%)


correlation matrix of the fit parameters:

               a0     
a0              1.000 


*******************************************************************************
Fri Jul  3 16:38:58 2015


FIT:    data read from "10000.dat" u 4:2
        format = x:z
        #datapoints = 10
        residuals are weighted equally (unit weight)

function used for fitting: f1(x)
fitted parameters initialized with current variable values



 Iteration 0
 WSSR        : 815870            delta(WSSR)/WSSR   : 0
 delta(WSSR) : 0                 limit for stopping : 1e-05
 lambda	  : 0.00931153

initial set of free parameter values

a1              = 1

After 4 iterations the fit converged.
final sum of squares of residuals : 95.6771
rel. change during last iteration : -3.71323e-15

degrees of freedom    (FIT_NDF)                        : 9
rms of residuals      (FIT_STDFIT) = sqrt(WSSR/ndf)    : 3.26049
variance of residuals (reduced chisquare) = WSSR/ndf   : 10.6308

Final set of parameters            Asymptotic Standard Error
=======================            ==========================

a1              = 30674.5          +/- 110.7        (0.361%)


correlation matrix of the fit parameters:

               a1     
a1              1.000 


*******************************************************************************
Fri Jul  3 16:39:42 2015


FIT:    data read from "100000.dat" u 4:2
        format = x:z
        #datapoints = 10
        residuals are weighted equally (unit weight)

function used for fitting: f2(x)
fitted parameters initialized with current variable values



 Iteration 0
 WSSR        : 8.56546e+06       delta(WSSR)/WSSR   : 0
 delta(WSSR) : 0                 limit for stopping : 1e-05
 lambda	  : 0.00291718

initial set of free parameter values

a2              = 1

After 4 iterations the fit converged.
final sum of squares of residuals : 3741.51
rel. change during last iteration : -2.0662e-15

degrees of freedom    (FIT_NDF)                        : 9
rms of residuals      (FIT_STDFIT) = sqrt(WSSR/ndf)    : 20.3893
variance of residuals (reduced chisquare) = WSSR/ndf   : 415.723

Final set of parameters            Asymptotic Standard Error
=======================            ==========================

a2              = 317190           +/- 2210         (0.6968%)


correlation matrix of the fit parameters:

               a2     
a2              1.000 


*******************************************************************************
Fri Jul  3 17:02:49 2015


FIT:    data read from "100.dat" u 4:2
        format = x:z
	y range restricted to [0.00000 : 850.000]
        #datapoints = 10
        residuals are weighted equally (unit weight)

function used for fitting: fm(x)
fitted parameters initialized with current variable values



 Iteration 0
 WSSR        : 6240.96           delta(WSSR)/WSSR   : 0
 delta(WSSR) : 0                 limit for stopping : 1e-05
 lambda	  : 0.0942966

initial set of free parameter values

am              = 1

After 3 iterations the fit converged.
final sum of squares of residuals : 21.5154
rel. change during last iteration : -2.38423e-06

degrees of freedom    (FIT_NDF)                        : 9
rms of residuals      (FIT_STDFIT) = sqrt(WSSR/ndf)    : 1.54616
variance of residuals (reduced chisquare) = WSSR/ndf   : 2.3906

Final set of parameters            Asymptotic Standard Error
=======================            ==========================

am              = 265.472          +/- 5.185        (1.953%)


correlation matrix of the fit parameters:

               am     
am              1.000 
