

*******************************************************************************
Wed Jun 24 05:37:03 2015


FIT:    data read from "1000_0.0out_n.dat"
        format = z
        #datapoints = 200
        residuals are weighted equally (unit weight)

function used for fitting: f(x)
fitted parameters initialized with current variable values



 Iteration 0
 WSSR        : 0.0888512         delta(WSSR)/WSSR   : 0
 delta(WSSR) : 0                 limit for stopping : 1e-05
 lambda	  : 3.42895e-11

initial set of free parameter values

a               = 1
BREAK:          Undefined value during function evaluation



*******************************************************************************
Tue Jun 30 15:42:29 2015


FIT:    data read from "100_0.0out_n.dat"
        format = z
	y range restricted to [-50.0000 : 50.0000]
        #datapoints = 20
        residuals are weighted equally (unit weight)

function used for fitting: f(x)
fitted parameters initialized with current variable values



 Iteration 0
 WSSR        : 0.143488          delta(WSSR)/WSSR   : 0
 delta(WSSR) : 0                 limit for stopping : 1e-05
 lambda	  : 0.0027239

initial set of free parameter values

a               = 1
b               = 1

After 7 iterations the fit converged.
final sum of squares of residuals : 0.0717436
rel. change during last iteration : -1.11376e-07

degrees of freedom    (FIT_NDF)                        : 18
rms of residuals      (FIT_STDFIT) = sqrt(WSSR/ndf)    : 0.0631329
variance of residuals (reduced chisquare) = WSSR/ndf   : 0.00398576

Final set of parameters            Asymptotic Standard Error
=======================            ==========================

a               = 0.979516         +/- 1.358e+04    (1.386e+06%)
b               = 0.261288         +/- 2220         (8.496e+05%)


correlation matrix of the fit parameters:

               a      b      
a               1.000 
b               1.000  1.000 
