

*******************************************************************************
Wed Jul  1 00:29:31 2015


FIT:    data read from "100_0.0st.dat"
        format = z
        #datapoints = 11
        residuals are weighted equally (unit weight)

function used for fitting: f(x)
fitted parameters initialized with current variable values



 Iteration 0
 WSSR        : 2.02523e+07       delta(WSSR)/WSSR   : 0
 delta(WSSR) : 0                 limit for stopping : 1e-05
 lambda	  : 953.294

initial set of free parameter values

a               = 1
b               = 1

After 7 iterations the fit converged.
final sum of squares of residuals : 0.00816547
rel. change during last iteration : -8.73154e-14

degrees of freedom    (FIT_NDF)                        : 9
rms of residuals      (FIT_STDFIT) = sqrt(WSSR/ndf)    : 0.030121
variance of residuals (reduced chisquare) = WSSR/ndf   : 0.000907275

Final set of parameters            Asymptotic Standard Error
=======================            ==========================

a               = -0.00502097      +/- 1.012e-05    (0.2016%)
b               = -1.60743         +/- 0.01365      (0.849%)


correlation matrix of the fit parameters:

               a      b      
a               1.000 
b              -0.746  1.000 
